<?xml version="1.0" encoding="UTF-8"?>
<!-- Generated by org.testng.reporters.JUnitReportReporter -->
<testsuite hostname="SIPL35" failures="0" tests="1" name="fedexCILStaging.FedExCILOrderCreation" time="181.357" errors="0" timestamp="2022-08-22T15:11:30 IST" skipped="0">
  <testcase classname="fedexCILStaging.FedExCILOrderCreation" name="fedEXCILOrder" time="181.357"/>
  <system-out/>
</testsuite> <!-- fedexCILStaging.FedExCILOrderCreation -->
